<?xml version="1.0" encoding="UTF-8"?>
<testng-results skipped="0" failed="0" total="1" passed="1">
  <reporter-output>
  </reporter-output>
  <suite name="Sample Suite" duration-ms="71637" started-at="2017-02-21T13:19:31Z" finished-at="2017-02-21T13:20:43Z">
    <groups>
    </groups>
    <test name="test0" duration-ms="71637" started-at="2017-02-21T13:19:31Z" finished-at="2017-02-21T13:20:43Z">
      <class name="com.covisint.automation.projectname.modulename.tests.type.BoschTestHomePageTabs">
        <test-method status="PASS" signature="beforeTest()[pri:0, instance:com.covisint.automation.projectname.modulename.tests.type.BoschTestHomePageTabs@306f16f3]" name="beforeTest" is-config="true" duration-ms="222" started-at="2017-02-21T18:49:31Z" finished-at="2017-02-21T18:49:31Z">
          <reporter-output>
          </reporter-output>
        </test-method> <!-- beforeTest -->
        <test-method status="PASS" signature="beforeClass()[pri:0, instance:com.covisint.automation.projectname.modulename.tests.type.BoschTestHomePageTabs@306f16f3]" name="beforeClass" is-config="true" duration-ms="418" started-at="2017-02-21T18:49:31Z" finished-at="2017-02-21T18:49:31Z">
          <reporter-output>
          </reporter-output>
        </test-method> <!-- beforeClass -->
        <test-method status="PASS" signature="beforemethod()[pri:0, instance:com.covisint.automation.projectname.modulename.tests.type.BoschTestHomePageTabs@306f16f3]" name="beforemethod" is-config="true" duration-ms="13841" started-at="2017-02-21T18:49:31Z" finished-at="2017-02-21T18:49:45Z">
          <reporter-output>
          </reporter-output>
        </test-method> <!-- beforemethod -->
        <test-method status="PASS" signature="test(java.lang.String, java.lang.String)[pri:0, instance:com.covisint.automation.projectname.modulename.tests.type.BoschTestHomePageTabs@306f16f3]" name="test" duration-ms="56594" started-at="2017-02-21T18:49:45Z" data-provider="parameters" finished-at="2017-02-21T18:50:42Z">
          <params>
            <param index="0">
              <value>
                <![CDATA[chrome]]>
              </value>
            </param>
            <param index="1">
              <value>
                <![CDATA[http://www.bosch.com]]>
              </value>
            </param>
          </params>
          <reporter-output>
          </reporter-output>
        </test-method> <!-- test -->
        <test-method status="PASS" signature="afterMethod()[pri:0, instance:com.covisint.automation.projectname.modulename.tests.type.BoschTestHomePageTabs@306f16f3]" name="afterMethod" is-config="true" duration-ms="473" started-at="2017-02-21T18:50:42Z" finished-at="2017-02-21T18:50:42Z">
          <reporter-output>
          </reporter-output>
        </test-method> <!-- afterMethod -->
        <test-method status="PASS" signature="afterClass()[pri:0, instance:com.covisint.automation.projectname.modulename.tests.type.BoschTestHomePageTabs@306f16f3]" name="afterClass" is-config="true" duration-ms="274" started-at="2017-02-21T18:50:42Z" finished-at="2017-02-21T18:50:43Z">
          <reporter-output>
          </reporter-output>
        </test-method> <!-- afterClass -->
        <test-method status="PASS" signature="afterTest()[pri:0, instance:com.covisint.automation.projectname.modulename.tests.type.BoschTestHomePageTabs@306f16f3]" name="afterTest" is-config="true" duration-ms="22152" started-at="2017-02-21T18:50:43Z" finished-at="2017-02-21T18:51:05Z">
          <reporter-output>
          </reporter-output>
        </test-method> <!-- afterTest -->
      </class> <!-- com.covisint.automation.projectname.modulename.tests.type.BoschTestHomePageTabs -->
    </test> <!-- test0 -->
  </suite> <!-- Sample Suite -->
</testng-results>
